2024-07-05 15:22:37.272331 INFO::Writing function arguments to log file
2024-07-05 15:22:37.273579 DEBUG::Function arguments
2024-07-05 15:22:37.273956 DEBUG::Output folder: output
2024-07-05 15:22:37.274221 DEBUG::Min Abundance: 0.000000
2024-07-05 15:22:37.274502 DEBUG::Zero Threshold: 0.000000
2024-07-05 15:22:37.274766 DEBUG::Min Prevalence: 0.000000
2024-07-05 15:22:37.275021 DEBUG::Normalization: TSS
2024-07-05 15:22:37.275267 DEBUG::Transform: LOG
2024-07-05 15:22:37.275526 DEBUG::Max significance: 0.100000
2024-07-05 15:22:37.275785 DEBUG::Random effects:
2024-07-05 15:22:37.276037 DEBUG::Fixed effects:
2024-07-05 15:22:37.27628 DEBUG::Group effects:
2024-07-05 15:22:37.276519 DEBUG::Ordered effects:
2024-07-05 15:22:37.276756 DEBUG::Formula: ~ diagnosis + dysbiosis_state + antibiotics + age + reads
2024-07-05 15:22:37.276996 DEBUG::Correction method: BH
2024-07-05 15:22:37.277204 DEBUG::Standardize: TRUE
2024-07-05 15:22:37.27742 DEBUG::Augment: TRUE
2024-07-05 15:22:37.277785 DEBUG::Cores: 1
2024-07-05 15:22:37.278063 DEBUG::Abundance median comparison: TRUE
2024-07-05 15:22:37.278328 DEBUG::Prevalence median comparison: FALSE
2024-07-05 15:22:37.278613 DEBUG::Abundance median comparison threshold: 0.25
2024-07-05 15:22:37.27885 DEBUG::Prevalence median comparison threshold: 0.25
2024-07-05 15:22:37.279159 INFO::Verifying options selected are valid
2024-07-05 15:22:37.280142 INFO::Determining format of input files
2024-07-05 15:22:37.281152 INFO::Input format is data samples as columns and metadata samples as rows
2024-07-05 15:22:37.297949 DEBUG::Transformed data so samples are rows
2024-07-05 15:22:37.299169 DEBUG::A total of 1527 samples were found in both the data and metadata
2024-07-05 15:22:37.299453 DEBUG::Reordering data/metadata to use same sample ordering
2024-07-05 15:22:37.303587 INFO::Formula for fixed effects: expr ~ diagnosis + dysbiosis_state + antibiotics + age + reads
2024-07-05 15:22:37.304453 INFO::Filter data based on min abundance and min prevalence
2024-07-05 15:22:37.304932 INFO::Total samples in data: 1527
2024-07-05 15:22:37.305392 INFO::Min samples required with min abundance for a feature not to be filtered: 0.000000
2024-07-05 15:22:37.434698 INFO::Total filtered features: 0
2024-07-05 15:22:37.435268 INFO::Filtered feature names from abundance and prevalence filtering:
2024-07-05 15:22:37.440033 INFO::Total filtered features with variance filtering: 0
2024-07-05 15:22:37.44055 INFO::Filtered feature names from variance filtering:
2024-07-05 15:22:37.440914 INFO::Creating output feature tables folder
2024-07-05 15:22:37.441325 INFO::Writing filtered data to file output/features/filtered_data.tsv
2024-07-05 15:22:37.520784 INFO::Applying z-score to standardize continuous metadata
2024-07-05 15:22:37.529619 INFO::Creating output figures folder
